<?xml version="1.0" encoding="UTF-8"?>
<testsuite xmlns:xsi="http://www.w3.org/2001/XMLSchema-instance" xsi:noNamespaceSchemaLocation="https://maven.apache.org/surefire/maven-surefire-plugin/xsd/surefire-test-report-3.0.xsd" version="3.0" name="com.gamestore.gameplazabackend.GameplazaBackendApplicationTests" time="10.966" tests="1" errors="0" skipped="0" failures="0">
  <properties>
[...]
</properties>
  <testcase name="contextLoads" classname="com.gamestore.gameplazabackend.GameplazaBackendApplicationTests" time="0.796">
    <system-out><![CDATA[20:21:31.528 [main] INFO org.springframework.test.context.support.AnnotationConfigContextLoaderUtils -- Could not detect default configuration classes for test class [com.gamestore.gameplazabackend.GameplazaBackendApplicationTests]: GameplazaBackendApplicationTests does not declare any static, non-private, non-final, nested classes annotated with @Configuration.
20:21:31.681 [main] INFO org.springframework.boot.test.context.SpringBootTestContextBootstrapper -- Found @SpringBootConfiguration com.gamestore.gameplazabackend.GameplazaBackendApplication for test class com.gamestore.gameplazabackend.GameplazaBackendApplicationTests

  .   ____          _            __ _ _
 /\\ / ___'_ __ _ _(_)_ __  __ _ \ \ \ \
( ( )\___ | '_ | '_| | '_ \/ _` | \ \ \ \
 \\/  ___)| |_)| | | | | || (_| |  ) ) ) )
  '  |____| .__|_| |_|_| |_\__, | / / / /
 =========|_|==============|___/=/_/_/_/
 :: Spring Boot ::                (v3.2.4)

20:21:32.229 [main] INFO  c.g.g.GameplazaBackendApplicationTests - Starting GameplazaBackendApplicationTests using Java 21.0.2 with PID 25356 (started by Dell in E:\Personal Website\GamePlazaSpring\gameplaza-backend)
20:21:32.231 [main] INFO  c.g.g.GameplazaBackendApplicationTests - No active profile set, falling back to 1 default profile: "default"
20:21:33.424 [main] INFO  o.s.d.r.c.RepositoryConfigurationDelegate - Bootstrapping Spring Data JPA repositories in DEFAULT mode.
20:21:33.502 [main] INFO  o.s.d.r.c.RepositoryConfigurationDelegate - Finished Spring Data repository scanning in 69 ms. Found 6 JPA repository interfaces.
20:21:34.318 [main] INFO  o.h.jpa.internal.util.LogHelper - HHH000204: Processing PersistenceUnitInfo [name: default]
20:21:34.406 [main] INFO  org.hibernate.Version - HHH000412: Hibernate ORM core version 6.4.4.Final
20:21:34.461 [main] INFO  o.h.c.i.RegionFactoryInitiator - HHH000026: Second-level cache disabled
20:21:34.951 [main] INFO  o.s.o.j.p.SpringPersistenceUnitInfo - No LoadTimeWeaver setup: ignoring JPA class transformer
20:21:35.007 [main] INFO  com.zaxxer.hikari.HikariDataSource - HikariPool-1 - Starting...
20:21:35.812 [main] INFO  com.zaxxer.hikari.pool.HikariPool - HikariPool-1 - Added connection com.mysql.cj.jdbc.ConnectionImpl@1d2046bb
20:21:35.816 [main] INFO  com.zaxxer.hikari.HikariDataSource - HikariPool-1 - Start completed.
20:21:35.941 [main] WARN  org.hibernate.orm.deprecation - HHH90000025: MySQLDialect does not need to be specified explicitly using 'hibernate.dialect' (remove the property setting and it will be selected by default)
20:21:37.717 [main] INFO  o.h.e.t.j.p.i.JtaPlatformInitiator - HHH000489: No JTA platform available (set 'hibernate.transaction.jta.platform' to enable JTA platform integration)
20:21:37.956 [main] INFO  o.s.o.j.LocalContainerEntityManagerFactoryBean - Initialized JPA EntityManagerFactory for persistence unit 'default'
20:21:38.579 [main] INFO  o.s.d.j.r.query.QueryEnhancerFactory - Hibernate is in classpath; If applicable, HQL parser will be used.
20:21:39.896 [main] WARN  o.s.b.a.o.j.JpaBaseConfiguration$JpaWebConfiguration - spring.jpa.open-in-view is enabled by default. Therefore, database queries may be performed during view rendering. Explicitly configure spring.jpa.open-in-view to disable this warning
20:21:40.677 [main] INFO  o.s.s.web.DefaultSecurityFilterChain - Will secure any request with [org.springframework.security.web.session.DisableEncodeUrlFilter@6de6467a, org.springframework.security.web.context.request.async.WebAsyncManagerIntegrationFilter@72cbe3b6, org.springframework.security.web.context.SecurityContextHolderFilter@21eb33d4, org.springframework.security.web.header.HeaderWriterFilter@85420, org.springframework.web.filter.CorsFilter@7aadb5e8, org.springframework.security.web.authentication.logout.LogoutFilter@2d5cb059, com.gamestore.gameplazabackend.jwt.JwtAuthenticationFilter@7833407, org.springframework.security.web.savedrequest.RequestCacheAwareFilter@5e4d55a6, org.springframework.security.web.servletapi.SecurityContextHolderAwareRequestFilter@5863ef93, org.springframework.security.web.authentication.AnonymousAuthenticationFilter@6f8060ac, org.springframework.security.web.session.SessionManagementFilter@73c71083, org.springframework.security.web.access.ExceptionTranslationFilter@69cd4267, org.springframework.security.web.access.intercept.AuthorizationFilter@35e55afa]
20:21:41.384 [main] INFO  c.g.g.GameplazaBackendApplicationTests - Started GameplazaBackendApplicationTests in 9.5 seconds (process running for 11.111)
]]></system-out>
    <system-err><![CDATA[WARNING: A Java agent has been loaded dynamically (C:\Users\Dell\.m2\repository\net\bytebuddy\byte-buddy-agent\1.14.12\byte-buddy-agent-1.14.12.jar)
WARNING: If a serviceability tool is in use, please run with -XX:+EnableDynamicAgentLoading to hide this warning
WARNING: If a serviceability tool is not in use, please run with -Djdk.instrument.traceUsage for more information
WARNING: Dynamic loading of agents will be disallowed by default in a future release
]]></system-err>
  </testcase>
</testsuite>